c:\users\cisco\desktop\c++\linklist\linklist\linklist\debug\vc140.pdb
c:\users\cisco\desktop\c++\linklist\linklist\linklist\debug\vc140.idb
c:\users\cisco\desktop\c++\linklist\linklist\linklist\debug\main.obj
c:\users\cisco\desktop\c++\linklist\linklist - copy\linklist\debug\vc140.pdb
c:\users\cisco\desktop\c++\linklist\linklist - copy\linklist\debug\vc140.idb
c:\users\cisco\desktop\c++\linklist\linklist\debug\linklist.ilk
c:\users\cisco\desktop\c++\linklist\linklist\debug\linklist.exe
c:\users\cisco\desktop\c++\linklist\linklist\debug\linklist.pdb
c:\users\cisco\desktop\c++\linklist\linklist - copy\debug\linklist.ilk
c:\users\cisco\desktop\c++\linklist\linklist - copy\debug\linklist.exe
c:\users\cisco\desktop\c++\linklist\linklist - copy\debug\linklist.pdb
c:\users\cisco\desktop\c++\linklist\linklist - copy\linklist\debug\practice.obj
c:\users\cisco\desktop\c++\linklist\linklist - copy\linklist\debug\main.obj.enc
c:\users\cisco\desktop\c++\linklist\linklist - copy\linklist\debug\vc120.idb
c:\users\cisco\desktop\c++\linklist\linklist - copy\linklist\debug\vc120.pdb
c:\users\cisco\desktop\c++\linklist\linklist - copy\linklist\debug\linklist.tlog\cl.command.1.tlog
c:\users\cisco\desktop\c++\linklist\linklist - copy\linklist\debug\linklist.tlog\cl.read.1.tlog
c:\users\cisco\desktop\c++\linklist\linklist - copy\linklist\debug\linklist.tlog\cl.write.1.tlog
c:\users\cisco\desktop\c++\linklist\linklist - copy\linklist\debug\linklist.tlog\link.command.1.tlog
c:\users\cisco\desktop\c++\linklist\linklist - copy\linklist\debug\linklist.tlog\link.read.1.tlog
c:\users\cisco\desktop\c++\linklist\linklist - copy\linklist\debug\linklist.tlog\link.write.1.tlog
