  Source.cpp
c:\users\cisco\desktop\c++\assignment1\multiarray\multiarray\source.cpp(153): warning C4244: '+=': conversion from 'double' to 'int', possible loss of data
c:\users\cisco\desktop\c++\assignment1\multiarray\multiarray\source.cpp(157): warning C4244: '+=': conversion from 'double' to 'int', possible loss of data
c:\users\cisco\desktop\c++\assignment1\multiarray\multiarray\source.cpp(161): warning C4244: '+=': conversion from 'double' to 'int', possible loss of data
c:\users\cisco\desktop\c++\assignment1\multiarray\multiarray\source.cpp(165): warning C4244: '+=': conversion from 'double' to 'int', possible loss of data
c:\users\cisco\desktop\c++\assignment1\multiarray\multiarray\source.cpp(18): warning C4996: 'scanf': This function or variable may be unsafe. Consider using scanf_s instead. To disable deprecation, use _CRT_SECURE_NO_WARNINGS. See online help for details.
  c:\program files (x86)\windows kits\10\include\10.0.10240.0\ucrt\stdio.h(1270): note: see declaration of 'scanf'
c:\users\cisco\desktop\c++\assignment1\multiarray\multiarray\source.cpp(57): warning C4996: 'scanf': This function or variable may be unsafe. Consider using scanf_s instead. To disable deprecation, use _CRT_SECURE_NO_WARNINGS. See online help for details.
  c:\program files (x86)\windows kits\10\include\10.0.10240.0\ucrt\stdio.h(1270): note: see declaration of 'scanf'
c:\users\cisco\desktop\c++\assignment1\multiarray\multiarray\source.cpp(71): warning C4996: 'scanf': This function or variable may be unsafe. Consider using scanf_s instead. To disable deprecation, use _CRT_SECURE_NO_WARNINGS. See online help for details.
  c:\program files (x86)\windows kits\10\include\10.0.10240.0\ucrt\stdio.h(1270): note: see declaration of 'scanf'
c:\users\cisco\desktop\c++\assignment1\multiarray\multiarray\source.cpp(87): warning C4996: 'scanf': This function or variable may be unsafe. Consider using scanf_s instead. To disable deprecation, use _CRT_SECURE_NO_WARNINGS. See online help for details.
  c:\program files (x86)\windows kits\10\include\10.0.10240.0\ucrt\stdio.h(1270): note: see declaration of 'scanf'
c:\users\cisco\desktop\c++\assignment1\multiarray\multiarray\source.cpp(103): warning C4996: 'scanf': This function or variable may be unsafe. Consider using scanf_s instead. To disable deprecation, use _CRT_SECURE_NO_WARNINGS. See online help for details.
  c:\program files (x86)\windows kits\10\include\10.0.10240.0\ucrt\stdio.h(1270): note: see declaration of 'scanf'
c:\users\cisco\desktop\c++\assignment1\multiarray\multiarray\source.cpp(119): warning C4996: 'scanf': This function or variable may be unsafe. Consider using scanf_s instead. To disable deprecation, use _CRT_SECURE_NO_WARNINGS. See online help for details.
  c:\program files (x86)\windows kits\10\include\10.0.10240.0\ucrt\stdio.h(1270): note: see declaration of 'scanf'
c:\users\cisco\desktop\c++\assignment1\multiarray\multiarray\source.cpp(178): warning C4996: 'scanf': This function or variable may be unsafe. Consider using scanf_s instead. To disable deprecation, use _CRT_SECURE_NO_WARNINGS. See online help for details.
  c:\program files (x86)\windows kits\10\include\10.0.10240.0\ucrt\stdio.h(1270): note: see declaration of 'scanf'
  MultiArray.vcxproj -> C:\Users\Cisco\Desktop\C++\Assignment1\MultiArray\Debug\MultiArray.exe
  MultiArray.vcxproj -> C:\Users\Cisco\Desktop\C++\Assignment1\MultiArray\Debug\MultiArray.pdb (Full PDB)
